{
  "stats": {
    "suites": 1,
    "tests": 3,
    "passes": 2,
    "pending": 0,
    "failures": 1,
    "start": "2023-05-17T07:31:47.430Z",
    "end": "2023-05-17T07:32:12.278Z",
    "duration": 24848,
    "testsRegistered": 3,
    "passPercent": 66.66666666666666,
    "pendingPercent": 0,
    "other": 0,
    "hasOther": false,
    "skipped": 0,
    "hasSkipped": false
  },
  "results": [
    {
      "uuid": "47a45ed1-304b-4906-9291-88de43253fa9",
      "title": "",
      "fullFile": "cypress\\e2e\\CypressioSiteTest.cy.js",
      "file": "cypress\\e2e\\CypressioSiteTest.cy.js",
      "beforeHooks": [],
      "afterHooks": [],
      "tests": [],
      "suites": [
        {
          "uuid": "e62c0abf-82ec-40f2-9a7c-634aed0ed643",
          "title": "Cypressio Site Test",
          "fullFile": "",
          "file": "",
          "beforeHooks": [],
          "afterHooks": [],
          "tests": [
            {
              "title": "test scenario on Cypressio Page",
              "fullTitle": "Cypressio Site Test test scenario on Cypressio Page",
              "timedOut": null,
              "duration": 14704,
              "state": "passed",
              "speed": "slow",
              "pass": true,
              "fail": false,
              "pending": false,
              "context": "{\n  \"title\": \"cypress-mochawesome-reporter-videos\",\n  \"value\": \"cypress\\\\e2e\\\\CypressioSiteTest.cy.js\"\n}",
              "code": "cy.visit(Cypress.env(\"cypressio_URL\"));\nCypressio_PO.validateMenuItems();\nCypressio_PO.hoverOverDocs();\nCypressio_PO.clickOnText(data.clickText_Cypressio_PO);",
              "err": {},
              "uuid": "8ea8c62d-59ca-4c5c-b5e6-0cd66e419268",
              "parentUUID": "e62c0abf-82ec-40f2-9a7c-634aed0ed643",
              "isHook": false,
              "skipped": false
            },
            {
              "title": "test scenario on End to End Testing Page",
              "fullTitle": "Cypressio Site Test test scenario on End to End Testing Page",
              "timedOut": null,
              "duration": 5050,
              "state": "failed",
              "speed": null,
              "pass": false,
              "fail": true,
              "pending": false,
              "context": "[\n  {\n    \"title\": \"cypress-mochawesome-reporter-videos\",\n    \"value\": \"cypress\\\\e2e\\\\CypressioSiteTest.cy.js\"\n  },\n  {\n    \"title\": \"cypress-mochawesome-reporter-screenshots\",\n    \"value\": [\n      [\n        {\n          \"title\": \"Failed screenshot\",\n          \"value\": \"\\\\CypressioSiteTest.cy.js\\\\Cypressio Site Test -- test scenario on End to End Testing Page (failed).png\"\n        }\n      ]\n    ]\n  }\n]",
              "code": "cy.visit(Cypress.env(\"endToEndTest_URL\"));\nEndToEnd_PO.validateUrlContains(data.urlContains1_EndToEnd_PO, data.urlContains2_EndToEnd_PO);\nEndToEnd_PO.verifyPageTitle(data.title_EndToEnd_PO);\nEndToEnd_PO.searchFor(data.search_EndToEnd_PO);",
              "err": {
                "message": "TypeError: Cannot read properties of undefined (reading 'toLowerCase')",
                "estack": "TypeError: Cannot read properties of undefined (reading 'toLowerCase')\n    at Context.eval (https://www.cypress.io/__cypress/tests?p=cypress\\support\\e2e.js:1746:48)",
                "diff": null
              },
              "uuid": "c1a6ed52-488f-4ff5-8171-85fa5199a4c1",
              "parentUUID": "e62c0abf-82ec-40f2-9a7c-634aed0ed643",
              "isHook": false,
              "skipped": false
            },
            {
              "title": "test scenario in Viewport Docs",
              "fullTitle": "Cypressio Site Test test scenario in Viewport Docs",
              "timedOut": null,
              "duration": 1888,
              "state": "passed",
              "speed": "fast",
              "pass": true,
              "fail": false,
              "pending": false,
              "context": "{\n  \"title\": \"cypress-mochawesome-reporter-videos\",\n  \"value\": \"cypress\\\\e2e\\\\CypressioSiteTest.cy.js\"\n}",
              "code": "cy.visit(Cypress.env(\"viewport_URL\"));\nDocsViewport_PO.validateHeader(data.header_DocsViewport_PO);\nDocsViewport_PO.validateText(data.text_DocsViewport_PO);",
              "err": {},
              "uuid": "ea422964-d869-4cdd-8555-9cbe559ef6e7",
              "parentUUID": "e62c0abf-82ec-40f2-9a7c-634aed0ed643",
              "isHook": false,
              "skipped": false
            }
          ],
          "suites": [],
          "passes": [
            "8ea8c62d-59ca-4c5c-b5e6-0cd66e419268",
            "ea422964-d869-4cdd-8555-9cbe559ef6e7"
          ],
          "failures": [
            "c1a6ed52-488f-4ff5-8171-85fa5199a4c1"
          ],
          "pending": [],
          "skipped": [],
          "duration": 21642,
          "root": false,
          "rootEmpty": false,
          "_timeout": 2000
        }
      ],
      "passes": [],
      "failures": [],
      "pending": [],
      "skipped": [],
      "duration": 0,
      "root": true,
      "rootEmpty": true,
      "_timeout": 2000
    }
  ],
  "meta": {
    "mocha": {
      "version": "7.0.1"
    },
    "mochawesome": {
      "options": {
        "quiet": false,
        "reportFilename": "[name]_[status]_report",
        "saveHtml": false,
        "saveJson": true,
        "consoleReporter": "spec",
        "useInlineDiffs": false,
        "code": true
      },
      "version": "7.1.3"
    },
    "marge": {
      "options": {
        "reportDir": "./cypress/results/",
        "reportFilename": "[name]_[status]_report",
        "overwrite": false,
        "html": false,
        "json": true
      },
      "version": "6.2.0"
    }
  }
}