{
  "stats": {
    "suites": 1,
    "tests": 1,
    "passes": 1,
    "pending": 0,
    "failures": 0,
    "start": "2023-05-17T07:32:16.937Z",
    "end": "2023-05-17T07:32:23.847Z",
    "duration": 6910,
    "testsRegistered": 1,
    "passPercent": 100,
    "pendingPercent": 0,
    "other": 0,
    "hasOther": false,
    "skipped": 0,
    "hasSkipped": false
  },
  "results": [
    {
      "uuid": "2c0f272f-d550-4163-a892-a8c5e77eceda",
      "title": "",
      "fullFile": "cypress\\e2e\\DragAndDropSiteTest.cy.js",
      "file": "cypress\\e2e\\DragAndDropSiteTest.cy.js",
      "beforeHooks": [],
      "afterHooks": [],
      "tests": [],
      "suites": [
        {
          "uuid": "8aa52a72-a5dd-4018-b79d-e7ff29022b40",
          "title": "drag and drop Test",
          "fullFile": "",
          "file": "",
          "beforeHooks": [],
          "afterHooks": [],
          "tests": [
            {
              "title": "drag and drop",
              "fullTitle": "drag and drop Test drag and drop",
              "timedOut": null,
              "duration": 4453,
              "state": "passed",
              "speed": "fast",
              "pass": true,
              "fail": false,
              "pending": false,
              "context": "{\n  \"title\": \"cypress-mochawesome-reporter-videos\",\n  \"value\": \"cypress\\\\e2e\\\\DragAndDropSiteTest.cy.js\"\n}",
              "code": "cy.visit(Cypress.env(\"dragAndDropSite_URL\"));\nimport_DragAndDrop_PO.default.dragAndDrop();\nimport_DragAndDrop_PO.default.checkForDragAndDrop();",
              "err": {},
              "uuid": "c4d54731-958f-4195-af88-ba3fb6db4541",
              "parentUUID": "8aa52a72-a5dd-4018-b79d-e7ff29022b40",
              "isHook": false,
              "skipped": false
            }
          ],
          "suites": [],
          "passes": [
            "c4d54731-958f-4195-af88-ba3fb6db4541"
          ],
          "failures": [],
          "pending": [],
          "skipped": [],
          "duration": 4453,
          "root": false,
          "rootEmpty": false,
          "_timeout": 2000
        }
      ],
      "passes": [],
      "failures": [],
      "pending": [],
      "skipped": [],
      "duration": 0,
      "root": true,
      "rootEmpty": true,
      "_timeout": 2000
    }
  ],
  "meta": {
    "mocha": {
      "version": "7.0.1"
    },
    "mochawesome": {
      "options": {
        "quiet": false,
        "reportFilename": "[name]_[status]_report",
        "saveHtml": false,
        "saveJson": true,
        "consoleReporter": "spec",
        "useInlineDiffs": false,
        "code": true
      },
      "version": "7.1.3"
    },
    "marge": {
      "options": {
        "reportDir": "./cypress/results/",
        "reportFilename": "[name]_[status]_report",
        "overwrite": false,
        "html": false,
        "json": true
      },
      "version": "6.2.0"
    }
  }
}